INFO:  latexindent-linux version 3.24.4, 2024-07-18, a script to indent .tex files
       latexindent-linux lives here: /home/medwatt/.local/share/nvim/mason/packages/latexindent/
       Sun Mar 16 06:15:31 2025
       Filename: /home/medwatt/.config/nvim/lua/plugins/latexindent/settings.yaml
INFO:  Processing switches:
INFO:  Directory for backup files and log file indent.log:
       /home/medwatt/.config/nvim/lua/plugins/latexindent
INFO:  YAML settings read: defaultSettings.yaml
       Reading defaultSettings.yaml from /home/medwatt/.local/share/nvim/mason/packages/latexindent/defaultSettings.yaml
       Reading defaultSettings.yaml (2nd attempt) from /home/medwatt/.local/share/nvim/mason/packages/latexindent/../../texmf-dist/scripts/latexindent/defaultSettings.yaml
       and then, if necessary, /home/medwatt/.local/share/nvim/mason/packages/latexindent/LatexIndent/defaultSettings.yaml
INFO:  YAML reading settings
       Home directory is /home/medwatt
       latexindent.pl didn't find indentconfig.yaml or .indentconfig.yaml
       see all possible locations: https://latexindentpl.readthedocs.io/en/latest/sec-appendices.html#indentconfig-options)
INFO:  -l switch used without filename, will search for the following files in turn:
       localSettings.yaml,latexindent.yaml,.localSettings.yaml,.latexindent.yaml
INFO:  YAML settings read: -l switch
       Multiple localSettings found, separated by commas:
       localSettings.yaml, latexindent.yaml, .localSettings.yaml, .latexindent.yaml
WARN:  yaml file not found: localSettings.yaml not found. Proceeding without it.
WARN:  yaml file not found: latexindent.yaml not found. Proceeding without it.
WARN:  yaml file not found: .localSettings.yaml not found. Proceeding without it.
WARN:  yaml file not found: .latexindent.yaml not found. Proceeding without it.
INFO:  Phase 1: searching for objects
INFO:  Phase 2: finding surrounding indentation
INFO:  Phase 3: indenting objects
INFO:  Phase 4: final indentation check
INFO:  Output routine:
       Not outputting to file; see -w and -o switches for more options.
       --------------
INFO:  Please direct all communication/issues to:
        https://github.com/cmhughes/latexindent.pl
